[01:56:07] [ServerMain/INFO]: [bootstrap] Running Java 25 (OpenJDK 64-Bit Server VM 25.0.1+8-LTS; Microsoft Microsoft-12574222) on Linux 6.8.0-1044-azure (amd64)
[01:56:07] [ServerMain/INFO]: [bootstrap] Loading Paper 1.21.11-127-main@bd74bf6 (2026-03-10T02:55:23Z) for Minecraft 1.21.11
[01:56:07] [ServerMain/INFO]: [PluginInitializerManager] Initializing plugins...
[01:56:07] [ServerMain/INFO]: [PluginInitializerManager] Initialized 0 plugins
[01:56:13] [ServerMain/INFO]: Environment: Environment[sessionHost=https://sessionserver.mojang.com, servicesHost=https://api.minecraftservices.com, profilesHost=https://api.mojang.com, name=PROD]
[01:56:15] [ServerMain/INFO]: Loaded 1470 recipes
[01:56:15] [ServerMain/INFO]: Loaded 1584 advancements
[01:56:15] [ServerMain/INFO]: [ca.spottedleaf.dataconverter.minecraft.datatypes.MCTypeRegistry] Initialising converters for DataConverter...
[01:56:16] [ServerMain/INFO]: [ca.spottedleaf.dataconverter.minecraft.datatypes.MCTypeRegistry] Finished initialising converters for DataConverter in 404.4ms
[01:56:16] [Server thread/INFO]: Starting minecraft server version 1.21.11
[01:56:16] [Server thread/INFO]: Loading properties
[01:56:16] [Server thread/INFO]: This server is running Paper version 1.21.11-127-main@bd74bf6 (2026-03-10T02:55:23Z) (Implementing API version 1.21.11-R0.1-SNAPSHOT)
[01:56:16] [Server thread/INFO]: [spark] This server bundles the spark profiler. For more information please visit https://docs.papermc.io/paper/profiling
[01:56:16] [Server thread/INFO]: Server Ping Player Sample Count: 12
[01:56:16] [Server thread/INFO]: Using 4 threads for Netty based IO
[01:56:17] [Server thread/INFO]: [MoonriseCommon] Paper is using 1 worker threads, 1 I/O threads
[01:56:17] [Server thread/INFO]: Default game type: SURVIVAL
[01:56:17] [Server thread/INFO]: Generating keypair
[01:56:17] [Server thread/INFO]: Starting Minecraft server on *:25565
[01:56:17] [Server thread/INFO]: Paper: Using libdeflate (Linux x86_64) compression from Velocity.
[01:56:17] [Server thread/INFO]: Paper: Using OpenSSL 3.x.x (Linux x86_64) cipher from Velocity.
[01:56:17] [Server thread/INFO]: Server permissions file permissions.yml is empty, ignoring it
[01:56:17] [Server thread/INFO]: Preparing level "world"
[01:56:17] [Server thread/INFO]: [ca.spottedleaf.moonrise.common.util.MoonriseConstants] NUMA enable flag is not set; however there is NUMA interaction support for this OS.
[01:56:17] [Server thread/INFO]: [ca.spottedleaf.moonrise.common.util.MoonriseConstants] Detected 1 NUMA nodes.
[01:56:17] [Server thread/INFO]: Loading 0 persistent chunks for world 'minecraft:overworld'...
[01:56:17] [Server thread/INFO]: Preparing spawn area: 100%
[01:56:17] [Server thread/INFO]: Prepared spawn area in 1 ms
[01:56:17] [Server thread/INFO]: Loading 0 persistent chunks for world 'minecraft:the_nether'...
[01:56:17] [Server thread/INFO]: Preparing spawn area: 100%
[01:56:18] [Server thread/INFO]: Prepared spawn area in 2 ms
[01:56:18] [Server thread/INFO]: Loading 0 persistent chunks for world 'minecraft:the_end'...
[01:56:18] [Server thread/INFO]: Prepared spawn area in 0 ms
[01:56:18] [Server thread/INFO]: Done preparing level "world" (0.439s)
[01:56:18] [Server thread/INFO]: [spark] Starting background profiler...
[01:56:18] [Server thread/INFO]: Running delayed init tasks
[01:56:18] [Server thread/INFO]: Done (11.947s)! For help, type "help"
[01:56:42] [User Authenticator #0/INFO]: UUID of player Jbeny09 is ac23b697-1cf4-4b07-9f0b-6e59aeb081cb
[01:56:49] [Server thread/INFO]: Jbeny09 joined the game
[01:56:49] [Server thread/INFO]: Jbeny09[/127.138.94.27:46545] logged in with entity id 17 at ([world]-40.5, 64.0, -9.5)
[01:57:22] [Server thread/INFO]: Made Jbeny09 a server operator
[01:57:30] [Server thread/INFO]: Jbeny09 issued server command: /gamemode creative
[01:57:30] [Server thread/INFO]: [Jbeny09: Set own game mode to Creative Mode]
[01:57:36] [Server thread/INFO]: Stopping the server
[01:57:36] [Server thread/INFO]: Stopping server
[01:57:36] [Server thread/INFO]: Saving players
[01:57:36] [Server thread/INFO]: Jbeny09 lost connection: Server closed
[01:57:36] [Server thread/INFO]: Jbeny09 left the game
[01:57:36] [Server thread/INFO]: Saving worlds
[01:57:36] [Server thread/INFO]: Saving chunks for level 'ServerLevel[world]'/minecraft:overworld
[01:57:36] [Server thread/INFO]: [ChunkHolderManager] Waiting 60s for chunk system to halt for world 'world'
[01:57:36] [Server thread/INFO]: [ChunkHolderManager] Halted chunk system for world 'world'
[01:57:36] [Server thread/INFO]: [ChunkHolderManager] Saving all chunkholders for world 'world'
[01:57:39] [Server thread/INFO]: [ChunkHolderManager] Saved 2256 block chunks, 677 entity chunks, 0 poi chunks in world 'world' in 2.49s
[01:57:39] [Server thread/INFO]: [ChunkHolderManager] Waiting 60s for chunk I/O to halt for world 'world'
[01:57:39] [Server thread/INFO]: [ChunkHolderManager] Halted I/O scheduler for world 'world'
[01:57:39] [Server thread/INFO]: Saving chunks for level 'ServerLevel[world_nether]'/minecraft:the_nether
[01:57:39] [Server thread/INFO]: [ChunkHolderManager] Waiting 60s for chunk system to halt for world 'world_nether'
[01:57:39] [Server thread/INFO]: [ChunkHolderManager] Halted chunk system for world 'world_nether'
[01:57:39] [Server thread/INFO]: [ChunkHolderManager] Saving all chunkholders for world 'world_nether'
[01:57:39] [Server thread/INFO]: [ChunkHolderManager] Saved 0 block chunks, 0 entity chunks, 0 poi chunks in world 'world_nether' in 0.00s
[01:57:39] [Server thread/INFO]: [ChunkHolderManager] Waiting 60s for chunk I/O to halt for world 'world_nether'
[01:57:39] [Server thread/INFO]: [ChunkHolderManager] Halted I/O scheduler for world 'world_nether'
[01:57:39] [Server thread/INFO]: Saving chunks for level 'ServerLevel[world_the_end]'/minecraft:the_end
[01:57:39] [Server thread/INFO]: [ChunkHolderManager] Waiting 60s for chunk system to halt for world 'world_the_end'
[01:57:39] [Server thread/INFO]: [ChunkHolderManager] Halted chunk system for world 'world_the_end'
[01:57:39] [Server thread/INFO]: [ChunkHolderManager] Saving all chunkholders for world 'world_the_end'
[01:57:39] [Server thread/INFO]: [ChunkHolderManager] Saved 0 block chunks, 0 entity chunks, 0 poi chunks in world 'world_the_end' in 0.00s
[01:57:39] [Server thread/INFO]: [ChunkHolderManager] Waiting 60s for chunk I/O to halt for world 'world_the_end'
[01:57:39] [Server thread/INFO]: [ChunkHolderManager] Halted I/O scheduler for world 'world_the_end'
[01:57:39] [Server thread/INFO]: ThreadedAnvilChunkStorage (world): All chunks are saved
[01:57:39] [Server thread/INFO]: ThreadedAnvilChunkStorage (DIM-1): All chunks are saved
[01:57:39] [Server thread/INFO]: ThreadedAnvilChunkStorage (DIM1): All chunks are saved
[01:57:39] [Server thread/INFO]: ThreadedAnvilChunkStorage: All dimensions are saved
[01:57:39] [Server thread/INFO]: Waiting for all RegionFile I/O tasks to complete...
[01:57:39] [Server thread/INFO]: All RegionFile I/O tasks to complete
[01:57:39] [Server thread/INFO]: [MoonriseCommon] Awaiting termination of worker pool for up to 60s...
[01:57:39] [Server thread/INFO]: [MoonriseCommon] Awaiting termination of I/O pool for up to 60s...
